2  :  000010111011100001110111000101011  flit was sent from proc_ele port of router A to north port of router D : 1
3  :  000010111011100001110111000101011  flit was sent from north port of router D to proc_ele port of router D : 1
3  :  0110000000000000000000000000000000  flit was sent from proc_ele port of router A to north port of router D : 1
4  :  0110000000000000000000000000000000  flit was sent from north port of router D to proc_ele port of router D : 1
4  :  0100000000000000000000000000000000  flit was sent from proc_ele port of router A to north port of router D : 1
5  :  0100000000000000000000000000000000  flit was sent from north port of router D to proc_ele port of router D : 1
5  :  0100000000000000000000000000000000  flit was sent from proc_ele port of router A to north port of router D : 1
6  :  0100000000000000000000000000000000  flit was sent from north port of router D to proc_ele port of router D : 1
6  :  1111101001001110001100100100110011  flit was sent from proc_ele port of router A to north port of router D : 1
7  :  1111101001001110001100100100110011  flit was sent from north port of router D to proc_ele port of router D : 1
10  :  001000111010000011110010000111100  flit was sent from proc_ele port of router D to south port of router A : 2
11  :  001000111010000011110010000111100  flit was sent from south port of router A to proc_ele port of router A : 2
11  :  0110000000000000000000000000000000  flit was sent from proc_ele port of router D to south port of router A : 2
12  :  0110000000000000000000000000000000  flit was sent from south port of router A to proc_ele port of router A : 2
12  :  0110000000000000000000000000000000  flit was sent from proc_ele port of router D to south port of router A : 2
13  :  0110000000000000000000000000000000  flit was sent from south port of router A to proc_ele port of router A : 2
13  :  0100000000000000000000000000000100  flit was sent from proc_ele port of router D to south port of router A : 2
14  :  0100000000000000000000000000000100  flit was sent from south port of router A to proc_ele port of router A : 2
14  :  1110111111101010000101010100100100  flit was sent from proc_ele port of router D to south port of router A : 2
15  :  1110111111101010000101010100100100  flit was sent from south port of router A to proc_ele port of router A : 2
18  :  000111101111011011001011111001001  flit was sent from proc_ele port of router B to north port of router C : 3
19  :  000111101111011011001011111001001  flit was sent from north port of router C to proc_ele port of router C : 3
19  :  0110000000000000001100000000000000  flit was sent from proc_ele port of router B to north port of router C : 3
20  :  0110000000000000001100000000000000  flit was sent from north port of router C to proc_ele port of router C : 3
20  :  0110000000000011000000000000110000  flit was sent from proc_ele port of router B to north port of router C : 3
21  :  0110000000000011000000000000110000  flit was sent from north port of router C to proc_ele port of router C : 3
21  :  0100000000000011000000000000000100  flit was sent from proc_ele port of router B to north port of router C : 3
22  :  0100000000000011000000000000000100  flit was sent from north port of router C to proc_ele port of router C : 3
22  :  11101111011001110010100011000010  flit was sent from proc_ele port of router B to north port of router C : 3
23  :  11101111011001110010100011000010  flit was sent from north port of router C to proc_ele port of router C : 3
26  :  0011011101000101111001010111111101  flit was sent from proc_ele port of router C to south port of router B : 4
27  :  0011011101000101111001010111111101  flit was sent from south port of router B to proc_ele port of router B : 4
27  :  0100000000000000000000000000000000  flit was sent from proc_ele port of router C to south port of router B : 4
28  :  0100000000000000000000000000000000  flit was sent from south port of router B to proc_ele port of router B : 4
28  :  0100000000000000000000000000000000  flit was sent from proc_ele port of router C to south port of router B : 4
29  :  0100000000000000000000000000000000  flit was sent from south port of router B to proc_ele port of router B : 4
29  :  0100000000000000000000000000000001  flit was sent from proc_ele port of router C to south port of router B : 4
30  :  0100000000000000000000000000000001  flit was sent from south port of router B to proc_ele port of router B : 4
30  :  1111111000000000010001110011010110  flit was sent from proc_ele port of router C to south port of router B : 4
31  :  1111111000000000010001110011010110  flit was sent from south port of router B to proc_ele port of router B : 4
34  :  0000011000001001110010110010111010  flit was sent from proc_ele port of router A to west port of router B : 5
35  :  0000011000001001110010110010111010  flit was sent from west port of router B to proc_ele port of router B : 5
35  :  0100000000000001111111111100000000  flit was sent from proc_ele port of router A to west port of router B : 5
36  :  0100000000000001111111111100000000  flit was sent from west port of router B to proc_ele port of router B : 5
36  :  0100000111111111111000000000000111  flit was sent from proc_ele port of router A to west port of router B : 5
37  :  0100000111111111111000000000000111  flit was sent from west port of router B to proc_ele port of router B : 5
37  :  0111111111000000000000111111111111  flit was sent from proc_ele port of router A to west port of router B : 5
38  :  0111111111000000000000111111111111  flit was sent from west port of router B to proc_ele port of router B : 5
38  :  1111101111000000001001001001010111  flit was sent from proc_ele port of router A to west port of router B : 5
39  :  1111101111000000001001001001010111  flit was sent from west port of router B to proc_ele port of router B : 5
41  :  0000111100111110001001011001011  flit was sent from proc_ele port of router A to west port of router B : 6
42  :  0000111100111110001001011001011  flit was sent from west port of router B to north port of router C : 6
43  :  0000111100111110001001011001011  flit was sent from north port of router C to proc_ele port of router C : 6
42  :  0100000000000000000000000000000000  flit was sent from proc_ele port of router A to west port of router B : 6
43  :  0100000000000000000000000000000000  flit was sent from west port of router B to north port of router C : 6
44  :  0100000000000000000000000000000000  flit was sent from north port of router C to proc_ele port of router C : 6
43  :  0100000000000000000000000000000000  flit was sent from proc_ele port of router A to west port of router B : 6
44  :  0100000000000000000000000000000000  flit was sent from west port of router B to north port of router C : 6
45  :  0100000000000000000000000000000000  flit was sent from north port of router C to proc_ele port of router C : 6
44  :  0100000000000000000000000000000001  flit was sent from proc_ele port of router A to west port of router B : 6
45  :  0100000000000000000000000000000001  flit was sent from west port of router B to north port of router C : 6
46  :  0100000000000000000000000000000001  flit was sent from north port of router C to proc_ele port of router C : 6
45  :  111111011010001000111100111100  flit was sent from proc_ele port of router A to west port of router B : 6
46  :  111111011010001000111100111100  flit was sent from west port of router B to north port of router C : 6
47  :  111111011010001000111100111100  flit was sent from north port of router C to proc_ele port of router C : 6
48  :  0011001011110101010110111011011100  flit was sent from proc_ele port of router C to east port of router D : 7
49  :  0011001011110101010110111011011100  flit was sent from east port of router D to south port of router A : 7
50  :  0011001011110101010110111011011100  flit was sent from south port of router A to proc_ele port of router A : 7
49  :  0100000000000000000000000000000000  flit was sent from proc_ele port of router C to east port of router D : 7
50  :  0100000000000000000000000000000000  flit was sent from east port of router D to south port of router A : 7
51  :  0100000000000000000000000000000000  flit was sent from south port of router A to proc_ele port of router A : 7
50  :  0100000000000000000000000000000000  flit was sent from proc_ele port of router C to east port of router D : 7
51  :  0100000000000000000000000000000000  flit was sent from east port of router D to south port of router A : 7
52  :  0100000000000000000000000000000000  flit was sent from south port of router A to proc_ele port of router A : 7
51  :  0100000000000000000000000000000001  flit was sent from proc_ele port of router C to east port of router D : 7
52  :  0100000000000000000000000000000001  flit was sent from east port of router D to south port of router A : 7
53  :  0100000000000000000000000000000001  flit was sent from south port of router A to proc_ele port of router A : 7
52  :  111101101001110110001001110010000  flit was sent from proc_ele port of router C to east port of router D : 7
53  :  111101101001110110001001110010000  flit was sent from east port of router D to south port of router A : 7
54  :  111101101001110110001001110010000  flit was sent from south port of router A to proc_ele port of router A : 7
55  :  0011101101100101011000111101001110  flit was sent from proc_ele port of router C to east port of router D : 8
56  :  0011101101100101011000111101001110  flit was sent from east port of router D to proc_ele port of router D : 8
56  :  0100000000000000000000000000000000  flit was sent from proc_ele port of router C to east port of router D : 8
57  :  0100000000000000000000000000000000  flit was sent from east port of router D to proc_ele port of router D : 8
57  :  0100000000000000000000000000000000  flit was sent from proc_ele port of router C to east port of router D : 8
58  :  0100000000000000000000000000000000  flit was sent from east port of router D to proc_ele port of router D : 8
58  :  0100000000000000000000000000000001  flit was sent from proc_ele port of router C to east port of router D : 8
59  :  0100000000000000000000000000000001  flit was sent from east port of router D to proc_ele port of router D : 8
59  :  11101100011000111110000100000001  flit was sent from proc_ele port of router C to east port of router D : 8
60  :  11101100011000111110000100000001  flit was sent from east port of router D to proc_ele port of router D : 8
62  :  0001001011001111100100111111011000  flit was sent from proc_ele port of router B to east port of router A : 9
63  :  0001001011001111100100111111011000  flit was sent from east port of router A to proc_ele port of router A : 9
63  :  0100000000000000000000000000000000  flit was sent from proc_ele port of router B to east port of router A : 9
64  :  0100000000000000000000000000000000  flit was sent from east port of router A to proc_ele port of router A : 9
64  :  0100000000000000000000000000000000  flit was sent from proc_ele port of router B to east port of router A : 9
65  :  0100000000000000000000000000000000  flit was sent from east port of router A to proc_ele port of router A : 9
65  :  0100000000000000000000000000000001  flit was sent from proc_ele port of router B to east port of router A : 9
66  :  0100000000000000000000000000000001  flit was sent from east port of router A to proc_ele port of router A : 9
66  :  11110000000010110010110010111110  flit was sent from proc_ele port of router B to east port of router A : 9
67  :  11110000000010110010110010111110  flit was sent from east port of router A to proc_ele port of router A : 9
69  :  00011010010000010010000101010010  flit was sent from proc_ele port of router B to east port of router A : 10
70  :  00011010010000010010000101010010  flit was sent from east port of router A to north port of router D : 10
71  :  00011010010000010010000101010010  flit was sent from north port of router D to proc_ele port of router D : 10
70  :  0100000000000000000000000000000000  flit was sent from proc_ele port of router B to east port of router A : 10
71  :  0100000000000000000000000000000000  flit was sent from east port of router A to north port of router D : 10
72  :  0100000000000000000000000000000000  flit was sent from north port of router D to proc_ele port of router D : 10
71  :  0100000000000000000000000000000000  flit was sent from proc_ele port of router B to east port of router A : 10
72  :  0100000000000000000000000000000000  flit was sent from east port of router A to north port of router D : 10
73  :  0100000000000000000000000000000000  flit was sent from north port of router D to proc_ele port of router D : 10
72  :  0100000000000000000000000000000001  flit was sent from proc_ele port of router B to east port of router A : 10
73  :  0100000000000000000000000000000001  flit was sent from east port of router A to north port of router D : 10
74  :  0100000000000000000000000000000001  flit was sent from north port of router D to proc_ele port of router D : 10
73  :  1111111110111110110110000001011  flit was sent from proc_ele port of router B to east port of router A : 10
74  :  1111111110111110110110000001011  flit was sent from east port of router A to north port of router D : 10
75  :  1111111110111110110110000001011  flit was sent from north port of router D to proc_ele port of router D : 10
76  :  001001110011010000111001000101000  flit was sent from proc_ele port of router D to west port of router C : 11
77  :  001001110011010000111001000101000  flit was sent from west port of router C to south port of router B : 11
78  :  001001110011010000111001000101000  flit was sent from south port of router B to proc_ele port of router B : 11
77  :  0100000000000000000000000000000000  flit was sent from proc_ele port of router D to west port of router C : 11
78  :  0100000000000000000000000000000000  flit was sent from west port of router C to south port of router B : 11
79  :  0100000000000000000000000000000000  flit was sent from south port of router B to proc_ele port of router B : 11
78  :  0100000000000000000000000000000000  flit was sent from proc_ele port of router D to west port of router C : 11
79  :  0100000000000000000000000000000000  flit was sent from west port of router C to south port of router B : 11
80  :  0100000000000000000000000000000000  flit was sent from south port of router B to proc_ele port of router B : 11
79  :  0100000000000000000000000000000001  flit was sent from proc_ele port of router D to west port of router C : 11
80  :  0100000000000000000000000000000001  flit was sent from west port of router C to south port of router B : 11
81  :  0100000000000000000000000000000001  flit was sent from south port of router B to proc_ele port of router B : 11
80  :  1111010110011100010010100101001011  flit was sent from proc_ele port of router D to west port of router C : 11
81  :  1111010110011100010010100101001011  flit was sent from west port of router C to south port of router B : 11
82  :  1111010110011100010010100101001011  flit was sent from south port of router B to proc_ele port of router B : 11
101  :  0010111101011110011011100000100111  flit was sent from proc_ele port of router D to west port of router C : 12
102  :  0010111101011110011011100000100111  flit was sent from west port of router C to proc_ele port of router C : 12
102  :  0110000000000000000000000000000000  flit was sent from proc_ele port of router D to west port of router C : 12
103  :  0110000000000000000000000000000000  flit was sent from west port of router C to proc_ele port of router C : 12
103  :  0100000000000000000000000000000000  flit was sent from proc_ele port of router D to west port of router C : 12
104  :  0100000000000000000000000000000000  flit was sent from west port of router C to proc_ele port of router C : 12
104  :  0100000000000000000000000000000000  flit was sent from proc_ele port of router D to west port of router C : 12
105  :  0100000000000000000000000000000000  flit was sent from west port of router C to proc_ele port of router C : 12
105  :  111000101101011101011000100100011  flit was sent from proc_ele port of router D to west port of router C : 12
106  :  111000101101011101011000100100011  flit was sent from west port of router C to proc_ele port of router C : 12
102  :  0000011000100011101111101011010100  flit was sent from proc_ele port of router A to west port of router B : 13
103  :  0000011000100011101111101011010100  flit was sent from west port of router B to proc_ele port of router B : 13
103  :  0110000000000000000000000000000000  flit was sent from proc_ele port of router A to west port of router B : 13
104  :  0110000000000000000000000000000000  flit was sent from west port of router B to proc_ele port of router B : 13
104  :  0100000000000000000000000000000000  flit was sent from proc_ele port of router A to west port of router B : 13
105  :  0100000000000000000000000000000000  flit was sent from west port of router B to proc_ele port of router B : 13
105  :  0100000000000000000000000000111111  flit was sent from proc_ele port of router A to west port of router B : 13
106  :  0100000000000000000000000000111111  flit was sent from west port of router B to proc_ele port of router B : 13
106  :  1110011100111101100001101111111110  flit was sent from proc_ele port of router A to west port of router B : 13
107  :  1110011100111101100001101111111110  flit was sent from west port of router B to proc_ele port of router B : 13
